
**** Build of configuration Debug for project LCR ****

/Applications/ti/ccs1020/ccs/utils/bin/gmake -k -j 15 all -O 
 
Building file: "../tm4c123gh6pm_startup_ccs.c"
Invoking: Arm Compiler
"/Applications/ti/ccs1020/ccs/tools/compiler/ti-cgt-arm_20.2.4.LTS/bin/armcl" -mv7M4 --code_state=16 --float_support=FPv4SPD16 -me --include_path="/Users/nathanfusselman/Documents/School/Spring_2021/CSE 5342/Labs_Projects/LCR" --include_path="/Users/nathanfusselman/Documents/School/Spring_2021/CSE 5342/Labs_Projects/Libraries" --include_path="/Applications/ti/ccs1020/ccs/tools/compiler/ti-cgt-arm_20.2.4.LTS/include" --define=ccs="ccs" --define=PART_TM4C123GH6PM -g --gcc --diag_warning=225 --diag_wrap=off --display_error_number --abi=eabi --preproc_with_compile --preproc_dependency="tm4c123gh6pm_startup_ccs.d_raw"  "../tm4c123gh6pm_startup_ccs.c"
Finished building: "../tm4c123gh6pm_startup_ccs.c"
 
Building file: "/Users/nathanfusselman/Documents/School/Spring_2021/CSE 5342/Labs_Projects/Libraries/clock.c"
Invoking: Arm Compiler
"/Applications/ti/ccs1020/ccs/tools/compiler/ti-cgt-arm_20.2.4.LTS/bin/armcl" -mv7M4 --code_state=16 --float_support=FPv4SPD16 -me --include_path="/Users/nathanfusselman/Documents/School/Spring_2021/CSE 5342/Labs_Projects/LCR" --include_path="/Users/nathanfusselman/Documents/School/Spring_2021/CSE 5342/Labs_Projects/Libraries" --include_path="/Applications/ti/ccs1020/ccs/tools/compiler/ti-cgt-arm_20.2.4.LTS/include" --define=ccs="ccs" --define=PART_TM4C123GH6PM -g --gcc --diag_warning=225 --diag_wrap=off --display_error_number --abi=eabi --preproc_with_compile --preproc_dependency="clock.d_raw"  "/Users/nathanfusselman/Documents/School/Spring_2021/CSE 5342/Labs_Projects/Libraries/clock.c"
Finished building: "/Users/nathanfusselman/Documents/School/Spring_2021/CSE 5342/Labs_Projects/Libraries/clock.c"
 
Building file: "/Users/nathanfusselman/Documents/School/Spring_2021/CSE 5342/Labs_Projects/Libraries/wait.c"
Invoking: Arm Compiler
"/Applications/ti/ccs1020/ccs/tools/compiler/ti-cgt-arm_20.2.4.LTS/bin/armcl" -mv7M4 --code_state=16 --float_support=FPv4SPD16 -me --include_path="/Users/nathanfusselman/Documents/School/Spring_2021/CSE 5342/Labs_Projects/LCR" --include_path="/Users/nathanfusselman/Documents/School/Spring_2021/CSE 5342/Labs_Projects/Libraries" --include_path="/Applications/ti/ccs1020/ccs/tools/compiler/ti-cgt-arm_20.2.4.LTS/include" --define=ccs="ccs" --define=PART_TM4C123GH6PM -g --gcc --diag_warning=225 --diag_wrap=off --display_error_number --abi=eabi --preproc_with_compile --preproc_dependency="wait.d_raw"  "/Users/nathanfusselman/Documents/School/Spring_2021/CSE 5342/Labs_Projects/Libraries/wait.c"
Finished building: "/Users/nathanfusselman/Documents/School/Spring_2021/CSE 5342/Labs_Projects/Libraries/wait.c"
 
Building file: "../main_lcr.c"
Invoking: Arm Compiler
"/Applications/ti/ccs1020/ccs/tools/compiler/ti-cgt-arm_20.2.4.LTS/bin/armcl" -mv7M4 --code_state=16 --float_support=FPv4SPD16 -me --include_path="/Users/nathanfusselman/Documents/School/Spring_2021/CSE 5342/Labs_Projects/LCR" --include_path="/Users/nathanfusselman/Documents/School/Spring_2021/CSE 5342/Labs_Projects/Libraries" --include_path="/Applications/ti/ccs1020/ccs/tools/compiler/ti-cgt-arm_20.2.4.LTS/include" --define=ccs="ccs" --define=PART_TM4C123GH6PM -g --gcc --diag_warning=225 --diag_wrap=off --display_error_number --abi=eabi --preproc_with_compile --preproc_dependency="main_lcr.d_raw"  "../main_lcr.c"
Finished building: "../main_lcr.c"
 
Building file: "/Users/nathanfusselman/Documents/School/Spring_2021/CSE 5342/Labs_Projects/Libraries/lcr.c"
Invoking: Arm Compiler
"/Applications/ti/ccs1020/ccs/tools/compiler/ti-cgt-arm_20.2.4.LTS/bin/armcl" -mv7M4 --code_state=16 --float_support=FPv4SPD16 -me --include_path="/Users/nathanfusselman/Documents/School/Spring_2021/CSE 5342/Labs_Projects/LCR" --include_path="/Users/nathanfusselman/Documents/School/Spring_2021/CSE 5342/Labs_Projects/Libraries" --include_path="/Applications/ti/ccs1020/ccs/tools/compiler/ti-cgt-arm_20.2.4.LTS/include" --define=ccs="ccs" --define=PART_TM4C123GH6PM -g --gcc --diag_warning=225 --diag_wrap=off --display_error_number --abi=eabi --preproc_with_compile --preproc_dependency="lcr.d_raw"  "/Users/nathanfusselman/Documents/School/Spring_2021/CSE 5342/Labs_Projects/Libraries/lcr.c"
Finished building: "/Users/nathanfusselman/Documents/School/Spring_2021/CSE 5342/Labs_Projects/Libraries/lcr.c"
 
Building file: "/Users/nathanfusselman/Documents/School/Spring_2021/CSE 5342/Labs_Projects/Libraries/gpio.c"
Invoking: Arm Compiler
"/Applications/ti/ccs1020/ccs/tools/compiler/ti-cgt-arm_20.2.4.LTS/bin/armcl" -mv7M4 --code_state=16 --float_support=FPv4SPD16 -me --include_path="/Users/nathanfusselman/Documents/School/Spring_2021/CSE 5342/Labs_Projects/LCR" --include_path="/Users/nathanfusselman/Documents/School/Spring_2021/CSE 5342/Labs_Projects/Libraries" --include_path="/Applications/ti/ccs1020/ccs/tools/compiler/ti-cgt-arm_20.2.4.LTS/include" --define=ccs="ccs" --define=PART_TM4C123GH6PM -g --gcc --diag_warning=225 --diag_wrap=off --display_error_number --abi=eabi --preproc_with_compile --preproc_dependency="gpio.d_raw"  "/Users/nathanfusselman/Documents/School/Spring_2021/CSE 5342/Labs_Projects/Libraries/gpio.c"
Finished building: "/Users/nathanfusselman/Documents/School/Spring_2021/CSE 5342/Labs_Projects/Libraries/gpio.c"
 
Building target: "LCR.out"
Invoking: Arm Linker
"/Applications/ti/ccs1020/ccs/tools/compiler/ti-cgt-arm_20.2.4.LTS/bin/armcl" -mv7M4 --code_state=16 --float_support=FPv4SPD16 -me --define=ccs="ccs" --define=PART_TM4C123GH6PM -g --gcc --diag_warning=225 --diag_wrap=off --display_error_number --abi=eabi -z -m"LCR.map" --heap_size=0 --stack_size=512 -i"/Applications/ti/ccs1020/ccs/tools/compiler/ti-cgt-arm_20.2.4.LTS/lib" -i"/Applications/ti/ccs1020/ccs/tools/compiler/ti-cgt-arm_20.2.4.LTS/include" --reread_libs --diag_wrap=off --display_error_number --warn_sections --xml_link_info="LCR_linkInfo.xml" --rom_model -o "LCR.out" "./clock.obj" "./gpio.obj" "./lcr.obj" "./main_lcr.obj" "./tm4c123gh6pm_startup_ccs.obj" "./wait.obj" "../tm4c123gh6pm.cmd"  -llibc.a 
<Linking>
Finished building target: "LCR.out"
 

**** Build Finished ****
